<Event xmlns='http://schemas.microsoft.com/win/2004/08/events/event'><System><Provider Name='Microsoft-Windows-Resource-Exhaustion-Detector' Guid='{9988748e-c2e8-4054-85f6-0c3e1cad2470}'/><EventID>2004</EventID><Version>0</Version><Level>3</Level><Task>3</Task><Opcode>33</Opcode><Keywords>0x8000000020000000</Keywords><TimeCreated SystemTime='2026-10-06T07:44:09.2069675Z'/><EventRecordID>46193</EventRecordID><Correlation ActivityID='{446ab14c-6d4f-4e47-b532-12eafd28a2f1}'/><Execution ProcessID='39492' ThreadID='327560'/><Channel>System</Channel><Computer>adampalace</Computer><Security UserID='S-1-5-18'/></System><UserData><MemoryExhaustionInfo xmlns='http://www.microsoft.com/Windows/Resource/Exhaustion/Detector/Events'><SystemInfo><SystemCommitLimit>137261162496</SystemCommitLimit><SystemCommitCharge>137081196544</SystemCommitCharge><ProcessCommitCharge>0</ProcessCommitCharge><PagedPoolUsage>5011144704</PagedPoolUsage><PhysicalMemorySize>34181947392</PhysicalMemorySize><PhysicalMemoryUsage>32870789120</PhysicalMemoryUsage><NonPagedPoolUsage>2951495680</NonPagedPoolUsage><Processes>1</Processes></SystemInfo><PagedPoolInfo><Tag_1><Name>Obtb</Name><PoolUsed>1698252800</PoolUsed></Tag_1><Tag_2><Name>Toke</Name><PoolUsed>758829568</PoolUsed></Tag_2><Tag_3><Name>FMfn</Name><PoolUsed>187318000</PoolUsed></Tag_3></PagedPoolInfo><NonPagedPoolInfo><Tag_1><Name>PMcp</Name><PoolUsed>253231104</PoolUsed></Tag_1><Tag_2><Name>HalD</Name><PoolUsed>211911136</PoolUsed></Tag_2><Tag_3><Name>Thre</Name><PoolUsed>168059904</PoolUsed></Tag_3></NonPagedPoolInfo><ProcessInfo><Process_1><Name>System Idle.exe</Name><ID>0</ID><CreationTime>1601-01-01T00:00:00.0000000Z</CreationTime><CommitCharge>0</CommitCharge><HandleCount>0</HandleCount><Version>0.0.0.0</Version><TypeInfo>65</TypeInfo></Process_1><Process_2><Name></Name><ID>0</ID><CreationTime>1601-01-01T00:00:00.0000000Z</CreationTime><CommitCharge>0</CommitCharge><HandleCount>0</HandleCount><Version>0.0.0.0</Version><TypeInfo>0</TypeInfo></Process_2><Process_3><Name></Name><ID>0</ID><CreationTime>1601-01-01T00:00:00.0000000Z</CreationTime><CommitCharge>0</CommitCharge><HandleCount>0</HandleCount><Version>0.0.0.0</Version><TypeInfo>0</TypeInfo></Process_3><Process_4><Name></Name><ID>0</ID><CreationTime>1601-01-01T00:00:00.0000000Z</CreationTime><CommitCharge>0</CommitCharge><HandleCount>0</HandleCount><Version>0.0.0.0</Version><TypeInfo>0</TypeInfo></Process_4><Process_5><Name></Name><ID>0</ID><CreationTime>1601-01-01T00:00:00.0000000Z</CreationTime><CommitCharge>0</CommitCharge><HandleCount>0</HandleCount><Version>0.0.0.0</Version><TypeInfo>0</TypeInfo></Process_5><Process_6><Name></Name><ID>0</ID><CreationTime>1601-01-01T00:00:00.0000000Z</CreationTime><CommitCharge>0</CommitCharge><HandleCount>0</HandleCount><Version>0.0.0.0</Version><TypeInfo>0</TypeInfo></Process_6></ProcessInfo><ExhaustionEventInfo><Time>2026-10-06T07:43:39.5509122Z</Time></ExhaustionEventInfo></MemoryExhaustionInfo></UserData></Event>
<Event xmlns='http://schemas.microsoft.com/win/2004/08/events/event'><System><Provider Name='Microsoft-Windows-Resource-Exhaustion-Detector' Guid='{9988748e-c2e8-4054-85f6-0c3e1cad2470}'/><EventID>2004</EventID><Version>0</Version><Level>3</Level><Task>3</Task><Opcode>33</Opcode><Keywords>0x8000000020000000</Keywords><TimeCreated SystemTime='2026-10-05T13:12:54.4541282Z'/><EventRecordID>44599</EventRecordID><Correlation ActivityID='{228ae16b-4fdc-4089-beae-bb7508ab13d6}'/><Execution ProcessID='39492' ThreadID='100920'/><Channel>System</Channel><Computer>adampalace</Computer><Security UserID='S-1-5-18'/></System><UserData><MemoryExhaustionInfo xmlns='http://www.microsoft.com/Windows/Resource/Exhaustion/Detector/Events'><SystemInfo><SystemCommitLimit>137261162496</SystemCommitLimit><SystemCommitCharge>137157767168</SystemCommitCharge><ProcessCommitCharge>125706522624</ProcessCommitCharge><PagedPoolUsage>2864857088</PagedPoolUsage><PhysicalMemorySize>34181947392</PhysicalMemorySize><PhysicalMemoryUsage>33603354624</PhysicalMemoryUsage><NonPagedPoolUsage>2544291840</NonPagedPoolUsage><Processes>528</Processes></SystemInfo><PagedPoolInfo><Tag_1><Name>Toke</Name><PoolUsed>619952896</PoolUsed></Tag_1><Tag_2><Name>MmSt</Name><PoolUsed>162047712</PoolUsed></Tag_2><Tag_3><Name>FMfn</Name><PoolUsed>128007488</PoolUsed></Tag_3></PagedPoolInfo><NonPagedPoolInfo><Tag_1><Name>PMcp</Name><PoolUsed>254607360</PoolUsed></Tag_1><Tag_2><Name>HalD</Name><PoolUsed>211906976</PoolUsed></Tag_2><Tag_3><Name>Icp </Name><PoolUsed>203489728</PoolUsed></Tag_3></NonPagedPoolInfo><ProcessInfo><Process_1><Name>qemu-system-x86_64.exe</Name><ID>154420</ID><CreationTime>2026-10-05T07:09:30.5414327Z</CreationTime><CommitCharge>63135215616</CommitCharge><HandleCount>139370</HandleCount><Version>0.0.0.0</Version><TypeInfo>201</TypeInfo></Process_1><Process_2><Name>qemu-system-x86_64.exe</Name><ID>112372</ID><CreationTime>2026-10-05T07:23:45.5541698Z</CreationTime><CommitCharge>23959715840</CommitCharge><HandleCount>20796</HandleCount><Version>0.0.0.0</Version><TypeInfo>210</TypeInfo></Process_2><Process_3><Name>qemu-system-x86_64.exe</Name><ID>143968</ID><CreationTime>2026-10-05T08:33:51.8890964Z</CreationTime><CommitCharge>6430691328</CommitCharge><HandleCount>1777</HandleCount><Version>0.0.0.0</Version><TypeInfo>219</TypeInfo></Process_3><Process_4><Name></Name><ID>0</ID><CreationTime>1601-01-01T00:00:00.0000000Z</CreationTime><CommitCharge>0</CommitCharge><HandleCount>0</HandleCount><Version>0.0.0.0</Version><TypeInfo>0</TypeInfo></Process_4><Process_5><Name></Name><ID>0</ID><CreationTime>1601-01-01T00:00:00.0000000Z</CreationTime><CommitCharge>0</CommitCharge><HandleCount>0</HandleCount><Version>0.0.0.0</Version><TypeInfo>0</TypeInfo></Process_5><Process_6><Name></Name><ID>0</ID><CreationTime>1601-01-01T00:00:00.0000000Z</CreationTime><CommitCharge>0</CommitCharge><HandleCount>0</HandleCount><Version>0.0.0.0</Version><TypeInfo>0</TypeInfo></Process_6></ProcessInfo><ExhaustionEventInfo><Time>2026-10-05T13:12:24.9485080Z</Time></ExhaustionEventInfo></MemoryExhaustionInfo></UserData></Event>
<Event xmlns='http://schemas.microsoft.com/win/2004/08/events/event'><System><Provider Name='Microsoft-Windows-Resource-Exhaustion-Detector' Guid='{9988748e-c2e8-4054-85f6-0c3e1cad2470}'/><EventID>2004</EventID><Version>0</Version><Level>3</Level><Task>3</Task><Opcode>33</Opcode><Keywords>0x8000000020000000</Keywords><TimeCreated SystemTime='2026-10-05T07:03:05.2333294Z'/><EventRecordID>43787</EventRecordID><Correlation ActivityID='{17a962e3-618d-45d3-a69a-a70c90717e3f}'/><Execution ProcessID='39492' ThreadID='156888'/><Channel>System</Channel><Computer>adampalace</Computer><Security UserID='S-1-5-18'/></System><UserData><MemoryExhaustionInfo xmlns='http://www.microsoft.com/Windows/Resource/Exhaustion/Detector/Events'><SystemInfo><SystemCommitLimit>137261162496</SystemCommitLimit><SystemCommitCharge>137123545088</SystemCommitCharge><ProcessCommitCharge>124451299328</ProcessCommitCharge><PagedPoolUsage>3748192256</PagedPoolUsage><PhysicalMemorySize>34181947392</PhysicalMemorySize><PhysicalMemoryUsage>33590616064</PhysicalMemoryUsage><NonPagedPoolUsage>2655240192</NonPagedPoolUsage><Processes>1766</Processes></SystemInfo><PagedPoolInfo><Tag_1><Name>Obtb</Name><PoolUsed>1010796288</PoolUsed></Tag_1><Tag_2><Name>Toke</Name><PoolUsed>593620288</PoolUsed></Tag_2><Tag_3><Name>FMfn</Name><PoolUsed>141114576</PoolUsed></Tag_3></PagedPoolInfo><NonPagedPoolInfo><Tag_1><Name>PMcp</Name><PoolUsed>251166720</PoolUsed></Tag_1><Tag_2><Name>NpFr</Name><PoolUsed>240462576</PoolUsed></Tag_2><Tag_3><Name>HalD</Name><PoolUsed>211906976</PoolUsed></Tag_3></NonPagedPoolInfo><ProcessInfo><Process_1><Name>qemu-system-x86_64.exe</Name><ID>195508</ID><CreationTime>2026-10-04T21:21:34.8763517Z</CreationTime><CommitCharge>38071271424</CommitCharge><HandleCount>38594</HandleCount><Version>0.0.0.0</Version><TypeInfo>201</TypeInfo></Process_1><Process_2><Name>qemu-system-x86_64.exe</Name><ID>174152</ID><CreationTime>2026-10-05T06:53:28.5928546Z</CreationTime><CommitCharge>31812149248</CommitCharge><HandleCount>51402</HandleCount><Version>0.0.0.0</Version><TypeInfo>210</TypeInfo></Process_2><Process_3><Name>qemu-system-x86_64.exe</Name><ID>199576</ID><CreationTime>2026-10-04T22:33:46.2227511Z</CreationTime><CommitCharge>7212756992</CommitCharge><HandleCount>1794</HandleCount><Version>0.0.0.0</Version><TypeInfo>219</TypeInfo></Process_3><Process_4><Name></Name><ID>0</ID><CreationTime>1601-01-01T00:00:00.0000000Z</CreationTime><CommitCharge>0</CommitCharge><HandleCount>0</HandleCount><Version>0.0.0.0</Version><TypeInfo>0</TypeInfo></Process_4><Process_5><Name></Name><ID>0</ID><CreationTime>1601-01-01T00:00:00.0000000Z</CreationTime><CommitCharge>0</CommitCharge><HandleCount>0</HandleCount><Version>0.0.0.0</Version><TypeInfo>0</TypeInfo></Process_5><Process_6><Name></Name><ID>0</ID><CreationTime>1601-01-01T00:00:00.0000000Z</CreationTime><CommitCharge>0</CommitCharge><HandleCount>0</HandleCount><Version>0.0.0.0</Version><TypeInfo>0</TypeInfo></Process_6></ProcessInfo><ExhaustionEventInfo><Time>2026-10-05T07:02:35.6306509Z</Time></ExhaustionEventInfo></MemoryExhaustionInfo></UserData></Event>
<Event xmlns='http://schemas.microsoft.com/win/2004/08/events/event'><System><Provider Name='Microsoft-Windows-Resource-Exhaustion-Detector' Guid='{9988748e-c2e8-4054-85f6-0c3e1cad2470}'/><EventID>2004</EventID><Version>0</Version><Level>3</Level><Task>3</Task><Opcode>33</Opcode><Keywords>0x8000000020000000</Keywords><TimeCreated SystemTime='2026-10-05T06:51:26.2140273Z'/><EventRecordID>43765</EventRecordID><Correlation ActivityID='{5456a0df-3833-4be2-86d8-cb261459601f}'/><Execution ProcessID='39492' ThreadID='51464'/><Channel>System</Channel><Computer>adampalace</Computer><Security UserID='S-1-5-18'/></System><UserData><MemoryExhaustionInfo xmlns='http://www.microsoft.com/Windows/Resource/Exhaustion/Detector/Events'><SystemInfo><SystemCommitLimit>137261162496</SystemCommitLimit><SystemCommitCharge>137099493376</SystemCommitCharge><ProcessCommitCharge>126295465984</ProcessCommitCharge><PagedPoolUsage>2825248768</PagedPoolUsage><PhysicalMemorySize>34181947392</PhysicalMemorySize><PhysicalMemoryUsage>33551351808</PhysicalMemoryUsage><NonPagedPoolUsage>2398928896</NonPagedPoolUsage><Processes>552</Processes></SystemInfo><PagedPoolInfo><Tag_1><Name>Toke</Name><PoolUsed>569558208</PoolUsed></Tag_1><Tag_2><Name>MmSt</Name><PoolUsed>161797792</PoolUsed></Tag_2><Tag_3><Name>FMfn</Name><PoolUsed>128821712</PoolUsed></Tag_3></PagedPoolInfo><NonPagedPoolInfo><Tag_1><Name>PMcp</Name><PoolUsed>252542976</PoolUsed></Tag_1><Tag_2><Name>HalD</Name><PoolUsed>211906976</PoolUsed></Tag_2><Tag_3><Name>smNp</Name><PoolUsed>186363904</PoolUsed></Tag_3></NonPagedPoolInfo><ProcessInfo><Process_1><Name>qemu-system-x86_64.exe</Name><ID>132836</ID><CreationTime>2026-10-05T04:37:05.9045317Z</CreationTime><CommitCharge>48278016000</CommitCharge><HandleCount>87119</HandleCount><Version>0.0.0.0</Version><TypeInfo>201</TypeInfo></Process_1><Process_2><Name>qemu-system-x86_64.exe</Name><ID>195508</ID><CreationTime>2026-10-04T21:21:34.8763517Z</CreationTime><CommitCharge>38071496704</CommitCharge><HandleCount>38566</HandleCount><Version>0.0.0.0</Version><TypeInfo>210</TypeInfo></Process_2><Process_3><Name>qemu-system-x86_64.exe</Name><ID>199576</ID><CreationTime>2026-10-04T22:33:46.2227511Z</CreationTime><CommitCharge>6798979072</CommitCharge><HandleCount>1774</HandleCount><Version>0.0.0.0</Version><TypeInfo>219</TypeInfo></Process_3><Process_4><Name></Name><ID>0</ID><CreationTime>1601-01-01T00:00:00.0000000Z</CreationTime><CommitCharge>0</CommitCharge><HandleCount>0</HandleCount><Version>0.0.0.0</Version><TypeInfo>0</TypeInfo></Process_4><Process_5><Name></Name><ID>0</ID><CreationTime>1601-01-01T00:00:00.0000000Z</CreationTime><CommitCharge>0</CommitCharge><HandleCount>0</HandleCount><Version>0.0.0.0</Version><TypeInfo>0</TypeInfo></Process_5><Process_6><Name></Name><ID>0</ID><CreationTime>1601-01-01T00:00:00.0000000Z</CreationTime><CommitCharge>0</CommitCharge><HandleCount>0</HandleCount><Version>0.0.0.0</Version><TypeInfo>0</TypeInfo></Process_6></ProcessInfo><ExhaustionEventInfo><Time>2026-10-05T06:50:56.7060133Z</Time></ExhaustionEventInfo></MemoryExhaustionInfo></UserData></Event>
